[debug] [2022-12-30T18:49:25.538Z] ----------------------------------------------------------------------
[debug] [2022-12-30T18:49:25.542Z] Command:       C:\Program Files\nodejs\node.exe C:\Users\Zalqarnain Ahsen\AppData\Roaming\npm\node_modules\firebase-tools\lib\bin\firebase.js deploy --only hosting
[debug] [2022-12-30T18:49:25.543Z] CLI Version:   11.14.4
[debug] [2022-12-30T18:49:25.544Z] Platform:      win32
[debug] [2022-12-30T18:49:25.544Z] Node Version:  v16.16.0
[debug] [2022-12-30T18:49:25.545Z] Time:          Fri Dec 30 2022 23:49:25 GMT+0500 (Pakistan Standard Time)
[debug] [2022-12-30T18:49:25.546Z] ----------------------------------------------------------------------
[debug] 
[debug] [2022-12-30T18:49:25.889Z] > command requires scopes: ["email","openid","https://www.googleapis.com/auth/cloudplatformprojects.readonly","https://www.googleapis.com/auth/firebase","https://www.googleapis.com/auth/cloud-platform"]
[debug] [2022-12-30T18:49:25.891Z] > authorizing via signed-in user (zalqarnainahsen03@gmail.com)
[debug] [2022-12-30T18:49:25.891Z] [iam] checking project stradaweb-6717a for permissions ["firebase.projects.get","firebasehosting.sites.update"]
[debug] [2022-12-30T18:49:25.900Z] >>> [apiv2][query] POST https://cloudresourcemanager.googleapis.com/v1/projects/stradaweb-6717a:testIamPermissions [none]
[debug] [2022-12-30T18:49:25.900Z] >>> [apiv2][(partial)header] POST https://cloudresourcemanager.googleapis.com/v1/projects/stradaweb-6717a:testIamPermissions x-goog-quota-user=projects/stradaweb-6717a
[debug] [2022-12-30T18:49:25.900Z] >>> [apiv2][body] POST https://cloudresourcemanager.googleapis.com/v1/projects/stradaweb-6717a:testIamPermissions {"permissions":["firebase.projects.get","firebasehosting.sites.update"]}
[debug] [2022-12-30T18:49:27.540Z] <<< [apiv2][status] POST https://cloudresourcemanager.googleapis.com/v1/projects/stradaweb-6717a:testIamPermissions 200
[debug] [2022-12-30T18:49:27.541Z] <<< [apiv2][body] POST https://cloudresourcemanager.googleapis.com/v1/projects/stradaweb-6717a:testIamPermissions {"permissions":["firebase.projects.get","firebasehosting.sites.update"]}
[debug] [2022-12-30T18:49:27.544Z] >>> [apiv2][query] GET https://firebase.googleapis.com/v1beta1/projects/stradaweb-6717a [none]
[debug] [2022-12-30T18:49:28.072Z] <<< [apiv2][status] GET https://firebase.googleapis.com/v1beta1/projects/stradaweb-6717a 200
[debug] [2022-12-30T18:49:28.074Z] <<< [apiv2][body] GET https://firebase.googleapis.com/v1beta1/projects/stradaweb-6717a {"projectId":"stradaweb-6717a","projectNumber":"843554476660","displayName":"StradaWeb","name":"projects/stradaweb-6717a","resources":{"hostingSite":"stradaweb-6717a"},"state":"ACTIVE","etag":"1_74da8e76-9156-459c-8768-532c9862ec7c"}
[debug] [2022-12-30T18:50:32.298Z] Error: Command failed: npm.cmd i --omit dev --no-audit
    at checkExecSyncError (node:child_process:828:11)
    at execSync (node:child_process:899:15)
    at prepareFrameworks (C:\Users\Zalqarnain Ahsen\AppData\Roaming\npm\node_modules\firebase-tools\lib\frameworks\index.js:324:42)
    at async deploy (C:\Users\Zalqarnain Ahsen\AppData\Roaming\npm\node_modules\firebase-tools\lib\deploy\index.js:53:13)
[error] 
[error] Error: An unexpected error has occurred.
